14:29:45 **** Incremental Build of configuration Debug for project Tello ****
make all 
Building file: ../src/Tello_drone.cpp
Invoking: NVCC Compiler
/usr/local/cuda-10.0/bin/nvcc -G -g -O0 -gencode arch=compute_30,code=sm_30  -odir "src" -M -o "src/Tello_drone.d" "../src/Tello_drone.cpp"
/usr/local/cuda-10.0/bin/nvcc -G -g -O0 --compile  -x c++ -o  "src/Tello_drone.o" "../src/Tello_drone.cpp"
../src/Tello_drone.cpp: In member function ‘int Tello_drone::connectDrone()’:
../src/Tello_drone.cpp:29:43: warning: ISO C++ forbids converting a string constant to ‘char*’ [-Wwrite-strings]
   sendCommand("command", strlen("command"));
                                           ^
../src/Tello_drone.cpp: In member function ‘int Tello_drone::streamon()’:
../src/Tello_drone.cpp:61:44: warning: ISO C++ forbids converting a string constant to ‘char*’ [-Wwrite-strings]
  sendCommand("streamon", strlen("streamon"));
                                            ^
../src/Tello_drone.cpp: In member function ‘int Tello_drone::streamoff()’:
../src/Tello_drone.cpp:68:46: warning: ISO C++ forbids converting a string constant to ‘char*’ [-Wwrite-strings]
  sendCommand("streamoff", strlen("streamoff"));
                                              ^
Finished building: ../src/Tello_drone.cpp
 
Building target: Tello
Invoking: NVCC Linker
/usr/local/cuda-10.0/bin/nvcc --cudart static --relocatable-device-code=false -gencode arch=compute_30,code=compute_30 -gencode arch=compute_30,code=sm_30 -link -o  "Tello"  ./src/Tello_drone.o ./src/main.o  ./Display/SDL_gfx.o   -lSDL2 -lboost_thread -lboost_system -lopencv_videoio -lopencv_core -lopencv_imgproc -lopencv_highgui -lopencv_imgcodecs
Finished building target: Tello
 

14:29:49 Build Finished (took 4s.225ms)

